<?xml version="1.0" encoding="UTF-8"?>
<testng-results ignored="0" total="3" passed="3" failed="0" skipped="0">
  <reporter-output>
  </reporter-output>
  <suite started-at="2023-01-24T15:57:32 GMT" name="All Test Suite" finished-at="2023-01-24T15:57:48 GMT" duration-ms="16758">
    <groups>
    </groups>
    <test started-at="2023-01-24T15:57:32 GMT" name=" My TestNG Suite" finished-at="2023-01-24T15:57:48 GMT" duration-ms="16758">
      <class name="com.codewithciaran.Test_Case1">
        <test-method is-config="true" signature="launchBrowser()[pri:0, instance:com.codewithciaran.Test_Case1@2427e004]" started-at="2023-01-24T15:57:32 GMT" name="launchBrowser" finished-at="2023-01-24T15:57:35 GMT" duration-ms="3130" status="PASS">
          <reporter-output>
          </reporter-output>
        </test-method> <!-- launchBrowser -->
        <test-method signature="Banking365_NavigationPages()[pri:0, instance:com.codewithciaran.Test_Case1@2427e004]" started-at="2023-01-24T15:57:35 GMT" name="Banking365_NavigationPages" finished-at="2023-01-24T15:57:38 GMT" duration-ms="3289" status="PASS">
          <reporter-output>
          </reporter-output>
        </test-method> <!-- Banking365_NavigationPages -->
        <test-method signature="Banking365_Successful_Login()[pri:0, instance:com.codewithciaran.Test_Case1@2427e004]" started-at="2023-01-24T15:57:38 GMT" name="Banking365_Successful_Login" finished-at="2023-01-24T15:57:44 GMT" depends-on-methods="com.codewithciaran.Test_Case1.Banking365_NavigationPages" duration-ms="6061" status="PASS">
          <reporter-output>
          </reporter-output>
        </test-method> <!-- Banking365_Successful_Login -->
        <test-method signature="enterPAC()[pri:0, instance:com.codewithciaran.Test_Case1@2427e004]" started-at="2023-01-24T15:57:44 GMT" name="enterPAC" finished-at="2023-01-24T15:57:48 GMT" depends-on-methods="com.codewithciaran.Test_Case1.Banking365_Successful_Login" duration-ms="4244" status="PASS">
          <reporter-output>
          </reporter-output>
        </test-method> <!-- enterPAC -->
      </class> <!-- com.codewithciaran.Test_Case1 -->
    </test> <!--  My TestNG Suite -->
  </suite> <!-- All Test Suite -->
</testng-results>
