<?xml version="1.0" encoding="UTF-8"?>
<testng-results ignored="1" total="4" passed="3" failed="0" skipped="0">
  <reporter-output>
  </reporter-output>
  <suite started-at="2023-01-26T12:17:47 GMT" name="All Test Suite" finished-at="2023-01-26T12:18:11 GMT" duration-ms="23708">
    <groups>
    </groups>
    <test started-at="2023-01-26T12:17:47 GMT" name=" My TestNG Suite" finished-at="2023-01-26T12:18:11 GMT" duration-ms="23708">
      <class name="com.codewithciaran.Test_Case1">
        <test-method is-config="true" signature="launchBrowser()[pri:0, instance:com.codewithciaran.Test_Case1@641856]" started-at="2023-01-26T12:17:47 GMT" name="launchBrowser" finished-at="2023-01-26T12:17:55 GMT" duration-ms="7762" status="PASS">
          <reporter-output>
          </reporter-output>
        </test-method> <!-- launchBrowser -->
        <test-method signature="Banking365_NavigationPages()[pri:0, instance:com.codewithciaran.Test_Case1@641856]" started-at="2023-01-26T12:17:55 GMT" name="Banking365_NavigationPages" finished-at="2023-01-26T12:17:58 GMT" duration-ms="2912" status="PASS">
          <reporter-output>
          </reporter-output>
        </test-method> <!-- Banking365_NavigationPages -->
        <test-method signature="Banking365_Successful_Login()[pri:0, instance:com.codewithciaran.Test_Case1@641856]" started-at="2023-01-26T12:17:58 GMT" name="Banking365_Successful_Login" finished-at="2023-01-26T12:18:07 GMT" depends-on-methods="com.codewithciaran.Test_Case1.Banking365_NavigationPages" duration-ms="8705" status="PASS">
          <reporter-output>
          </reporter-output>
        </test-method> <!-- Banking365_Successful_Login -->
        <test-method signature="enterPAC()[pri:0, instance:com.codewithciaran.Test_Case1@641856]" started-at="2023-01-26T12:18:07 GMT" name="enterPAC" finished-at="2023-01-26T12:18:11 GMT" depends-on-methods="com.codewithciaran.Test_Case1.Banking365_Successful_Login" duration-ms="4081" status="PASS">
          <reporter-output>
          </reporter-output>
        </test-method> <!-- enterPAC -->
        <test-method is-config="true" signature="tearDown()[pri:0, instance:com.codewithciaran.Test_Case1@641856]" started-at="2023-01-26T12:18:11 GMT" name="tearDown" finished-at="2023-01-26T12:18:11 GMT" duration-ms="212" status="PASS">
          <reporter-output>
          </reporter-output>
        </test-method> <!-- tearDown -->
      </class> <!-- com.codewithciaran.Test_Case1 -->
    </test> <!--  My TestNG Suite -->
  </suite> <!-- All Test Suite -->
</testng-results>
