<?xml version="1.0" encoding="UTF-8"?>
<!-- Generated by org.testng.reporters.JUnitXMLReporter -->
<testsuite ignored="0" hostname="Ciarans-MacBook-Pro.local" failures="0" tests="3" name=" My TestNG Suite" time="16.758" errors="0" timestamp="2023-01-24T15:57:48 GMT">
  <testcase classname="com.codewithciaran.Test_Case1" name="Banking365_NavigationPages" time="3.289"/>
  <testcase classname="com.codewithciaran.Test_Case1" name="Banking365_Successful_Login" time="6.061"/>
  <testcase classname="com.codewithciaran.Test_Case1" name="enterPAC" time="4.244"/>
</testsuite> <!--  My TestNG Suite -->
