<?xml version="1.0" encoding="UTF-8"?>
<!-- Generated by org.testng.reporters.JUnitXMLReporter -->
<testsuite ignored="1" hostname="Ciarans-MacBook-Pro.local" failures="0" tests="3" name=" My TestNG Suite" time="23.708" errors="0" timestamp="2023-01-26T12:18:11 GMT">
  <testcase classname="com.codewithciaran.Test_Case1" name="Banking365_NavigationPages" time="2.912"/>
  <testcase classname="com.codewithciaran.Test_Case1" name="Banking365_Successful_Login" time="8.705"/>
  <testcase classname="com.codewithciaran.Test_Case1" name="enterPAC" time="4.081"/>
  <testcase classname="com.codewithciaran.Test_Case1" name="verifyAuthRequestIsSent" time="0.0">
    <ignored/>
  </testcase> <!-- verifyAuthRequestIsSent -->
</testsuite> <!--  My TestNG Suite -->
